c:\users\baptiste\documents\github\projetmathsfenetrageremplissage\projetmathsfenetrageremplissage\debug\vc140.pdb
c:\users\baptiste\documents\github\projetmathsfenetrageremplissage\projetmathsfenetrageremplissage\debug\vc140.idb
c:\users\baptiste\documents\github\projetmathsfenetrageremplissage\projetmathsfenetrageremplissage\debug\stdafx.obj
c:\users\baptiste\documents\github\projetmathsfenetrageremplissage\projetmathsfenetrageremplissage\debug\projetmathsfenetrageremplissage.obj
c:\users\baptiste\documents\github\projetmathsfenetrageremplissage\projetmathsfenetrageremplissage\debug\point.obj
c:\users\baptiste\documents\github\projetmathsfenetrageremplissage\projetmathsfenetrageremplissage\debug\shape.obj
c:\users\baptiste\documents\github\projetmathsfenetrageremplissage\projetmathsfenetrageremplissage\debug\filling.obj
c:\users\baptiste\documents\github\projetmathsfenetrageremplissage\projetmathsfenetrageremplissage\debug\clipping.obj
c:\users\baptiste\documents\github\projetmathsfenetrageremplissage\debug\projetmathsfenetrageremplissage.ilk
c:\users\baptiste\documents\github\projetmathsfenetrageremplissage\debug\projetmathsfenetrageremplissage.exe
c:\users\baptiste\documents\github\projetmathsfenetrageremplissage\debug\projetmathsfenetrageremplissage.pdb
c:\users\baptiste\documents\github\projetmathsfenetrageremplissage\projetmathsfenetrageremplissage\debug\projetma.d8a211ac.tlog\cl.command.1.tlog
c:\users\baptiste\documents\github\projetmathsfenetrageremplissage\projetmathsfenetrageremplissage\debug\projetma.d8a211ac.tlog\cl.read.1.tlog
c:\users\baptiste\documents\github\projetmathsfenetrageremplissage\projetmathsfenetrageremplissage\debug\projetma.d8a211ac.tlog\cl.write.1.tlog
c:\users\baptiste\documents\github\projetmathsfenetrageremplissage\projetmathsfenetrageremplissage\debug\projetma.d8a211ac.tlog\link-cvtres.read.1.tlog
c:\users\baptiste\documents\github\projetmathsfenetrageremplissage\projetmathsfenetrageremplissage\debug\projetma.d8a211ac.tlog\link-cvtres.write.1.tlog
c:\users\baptiste\documents\github\projetmathsfenetrageremplissage\projetmathsfenetrageremplissage\debug\projetma.d8a211ac.tlog\link-rc.read.1.tlog
c:\users\baptiste\documents\github\projetmathsfenetrageremplissage\projetmathsfenetrageremplissage\debug\projetma.d8a211ac.tlog\link-rc.write.1.tlog
c:\users\baptiste\documents\github\projetmathsfenetrageremplissage\projetmathsfenetrageremplissage\debug\projetma.d8a211ac.tlog\link.18524-cvtres.read.1.tlog
c:\users\baptiste\documents\github\projetmathsfenetrageremplissage\projetmathsfenetrageremplissage\debug\projetma.d8a211ac.tlog\link.18524-cvtres.write.1.tlog
c:\users\baptiste\documents\github\projetmathsfenetrageremplissage\projetmathsfenetrageremplissage\debug\projetma.d8a211ac.tlog\link.18524-rc.read.1.tlog
c:\users\baptiste\documents\github\projetmathsfenetrageremplissage\projetmathsfenetrageremplissage\debug\projetma.d8a211ac.tlog\link.18524-rc.write.1.tlog
c:\users\baptiste\documents\github\projetmathsfenetrageremplissage\projetmathsfenetrageremplissage\debug\projetma.d8a211ac.tlog\link.18524.read.1.tlog
c:\users\baptiste\documents\github\projetmathsfenetrageremplissage\projetmathsfenetrageremplissage\debug\projetma.d8a211ac.tlog\link.18524.write.1.tlog
c:\users\baptiste\documents\github\projetmathsfenetrageremplissage\projetmathsfenetrageremplissage\debug\projetma.d8a211ac.tlog\link.command.1.tlog
c:\users\baptiste\documents\github\projetmathsfenetrageremplissage\projetmathsfenetrageremplissage\debug\projetma.d8a211ac.tlog\link.read.1.tlog
c:\users\baptiste\documents\github\projetmathsfenetrageremplissage\projetmathsfenetrageremplissage\debug\projetma.d8a211ac.tlog\link.write.1.tlog
